[debug] [2023-04-08T01:09:43.979Z] ----------------------------------------------------------------------
[debug] [2023-04-08T01:09:43.981Z] Command:       C:\Program Files\nodejs\node.exe C:\Users\Cris\AppData\Roaming\npm\node_modules\firebase-tools\lib\bin\firebase.js emulators:start --only functions
[debug] [2023-04-08T01:09:43.982Z] CLI Version:   11.25.3
[debug] [2023-04-08T01:09:43.982Z] Platform:      win32
[debug] [2023-04-08T01:09:43.982Z] Node Version:  v16.15.0
[debug] [2023-04-08T01:09:43.983Z] Time:          Fri Apr 07 2023 22:09:43 GMT-0300 (Brasilia Standard Time)
[debug] [2023-04-08T01:09:43.984Z] ----------------------------------------------------------------------
[debug] 
[debug] [2023-04-08T01:09:44.102Z] > command requires scopes: ["email","openid","https://www.googleapis.com/auth/cloudplatformprojects.readonly","https://www.googleapis.com/auth/firebase","https://www.googleapis.com/auth/cloud-platform"]
[debug] [2023-04-08T01:09:44.103Z] > authorizing via signed-in user (trocanaquebrada@gmail.com)
[info] i  emulators: Starting emulators: functions {"metadata":{"emulator":{"name":"hub"},"message":"Starting emulators: functions"}}
[debug] [2023-04-08T01:09:44.121Z] [logging] Logging Emulator only supports listening on one address (127.0.0.1). Not listening on ::1
[debug] [2023-04-08T01:09:44.121Z] assigned listening specs for emulators {"user":{"hub":[{"address":"127.0.0.1","family":"IPv4","port":4400},{"address":"::1","family":"IPv6","port":4400}],"ui":[{"address":"127.0.0.1","family":"IPv4","port":4000},{"address":"::1","family":"IPv6","port":4000}],"logging":[{"address":"127.0.0.1","family":"IPv4","port":4500}]},"metadata":{"message":"assigned listening specs for emulators"}}
[debug] [2023-04-08T01:09:44.134Z] [hub] writing locator at C:\Users\Cris\AppData\Local\Temp\hub-trocanaquebrada-f3b2b.json
[debug] [2023-04-08T01:09:44.234Z] [functions] Functions Emulator only supports listening on one address (127.0.0.1). Not listening on ::1
[debug] [2023-04-08T01:09:44.236Z] [eventarc] Eventarc Emulator only supports listening on one address (127.0.0.1). Not listening on ::1
[debug] [2023-04-08T01:09:44.236Z] late-assigned ports for functions and eventarc emulators {"user":{"hub":[{"address":"127.0.0.1","family":"IPv4","port":4400},{"address":"::1","family":"IPv6","port":4400}],"ui":[{"address":"127.0.0.1","family":"IPv4","port":4000},{"address":"::1","family":"IPv6","port":4000}],"logging":[{"address":"127.0.0.1","family":"IPv4","port":4500}],"functions":[{"address":"127.0.0.1","family":"IPv4","port":5001}],"eventarc":[{"address":"127.0.0.1","family":"IPv4","port":9299}]},"metadata":{"message":"late-assigned ports for functions and eventarc emulators"}}
[warn] !  functions: The following emulators are not running, calls to these services from the Functions emulator will affect production: auth, firestore, database, hosting, pubsub, storage {"metadata":{"emulator":{"name":"functions"},"message":"The following emulators are not running, calls to these services from the Functions emulator will affect production: \u001b[1mauth, firestore, database, hosting, pubsub, storage\u001b[22m"}}
[debug] [2023-04-08T01:09:44.247Z] defaultcredentials: writing to file C:\Users\Cris\AppData\Roaming\firebase\trocanaquebrada_gmail_com_application_default_credentials.json
[debug] [2023-04-08T01:09:44.256Z] Setting GAC to C:\Users\Cris\AppData\Roaming\firebase\trocanaquebrada_gmail_com_application_default_credentials.json {"metadata":{"emulator":{"name":"functions"},"message":"Setting GAC to C:\\Users\\Cris\\AppData\\Roaming\\firebase\\trocanaquebrada_gmail_com_application_default_credentials.json"}}
[debug] [2023-04-08T01:09:44.258Z] > refreshing access token with scopes: []
[debug] [2023-04-08T01:09:44.262Z] >>> [apiv2][query] POST https://www.googleapis.com/oauth2/v3/token [none]
[debug] [2023-04-08T01:09:44.264Z] >>> [apiv2][body] POST https://www.googleapis.com/oauth2/v3/token [omitted]
[debug] [2023-04-08T01:09:44.465Z] <<< [apiv2][status] POST https://www.googleapis.com/oauth2/v3/token 200
[debug] [2023-04-08T01:09:44.466Z] <<< [apiv2][body] POST https://www.googleapis.com/oauth2/v3/token [omitted]
[debug] [2023-04-08T01:09:44.481Z] >>> [apiv2][query] GET https://firebase.googleapis.com/v1beta1/projects/trocanaquebrada-f3b2b/adminSdkConfig [none]
[debug] [2023-04-08T01:09:44.879Z] <<< [apiv2][status] GET https://firebase.googleapis.com/v1beta1/projects/trocanaquebrada-f3b2b/adminSdkConfig 200
[debug] [2023-04-08T01:09:44.879Z] <<< [apiv2][body] GET https://firebase.googleapis.com/v1beta1/projects/trocanaquebrada-f3b2b/adminSdkConfig {"projectId":"trocanaquebrada-f3b2b","storageBucket":"trocanaquebrada-f3b2b.appspot.com"}
[info] i  ui: downloading ui-v1.11.5.zip... {"metadata":{"emulator":{"name":"ui"},"message":"downloading ui-v1.11.5.zip..."}}
[debug] [2023-04-08T01:09:44.925Z] >>> [apiv2][query] GET https://storage.googleapis.com/firebase-preview-drop/emulator/ui-v1.11.5.zip 
[debug] [2023-04-08T01:09:45.161Z] <<< [apiv2][status] GET https://storage.googleapis.com/firebase-preview-drop/emulator/ui-v1.11.5.zip 200
[debug] [2023-04-08T01:09:45.162Z] <<< [apiv2][body] GET https://storage.googleapis.com/firebase-preview-drop/emulator/ui-v1.11.5.zip [stream]
[debug] [2023-04-08T01:09:48.225Z] Ignoring unsupported arg: auto_download {"metadata":{"emulator":{"name":"ui"},"message":"Ignoring unsupported arg: auto_download"}}
[debug] [2023-04-08T01:09:48.226Z] Ignoring unsupported arg: port {"metadata":{"emulator":{"name":"ui"},"message":"Ignoring unsupported arg: port"}}
[debug] [2023-04-08T01:09:48.226Z] Starting Emulator UI with command {"binary":"node","args":["C:\\Users\\Cris\\.cache\\firebase\\emulators\\ui-v1.11.5\\server\\server.js"],"optionalArgs":[],"joinArgs":false} {"metadata":{"emulator":{"name":"ui"},"message":"Starting Emulator UI with command {\"binary\":\"node\",\"args\":[\"C:\\\\Users\\\\Cris\\\\.cache\\\\firebase\\\\emulators\\\\ui-v1.11.5\\\\server\\\\server.js\"],\"optionalArgs\":[],\"joinArgs\":false}"}}
[info] i  ui: Emulator UI logging to ui-debug.log {"metadata":{"emulator":{"name":"ui"},"message":"Emulator UI logging to \u001b[1mui-debug.log\u001b[22m"}}
[debug] [2023-04-08T01:09:48.488Z] Web / API server started at 127.0.0.1:4000
 {"metadata":{"emulator":{"name":"ui"},"message":"Web / API server started at 127.0.0.1:4000\n"}}
[debug] [2023-04-08T01:09:48.489Z] Web / API server started at ::1:4000
 {"metadata":{"emulator":{"name":"ui"},"message":"Web / API server started at ::1:4000\n"}}
[info] i  functions: Watching "C:\Users\Cris\Documents\GitHub\TrocaNaQuebradaApp\functions" for Cloud Functions... {"metadata":{"emulator":{"name":"functions"},"message":"Watching \"C:\\Users\\Cris\\Documents\\GitHub\\TrocaNaQuebradaApp\\functions\" for Cloud Functions..."}}
[debug] [2023-04-08T01:09:48.502Z] Validating nodejs source
[debug] [2023-04-08T01:09:51.703Z] > [functions] package.json contents: {
  "name": "functions",
  "description": "Cloud Functions for Firebase",
  "scripts": {
    "serve": "firebase emulators:start --only functions",
    "shell": "firebase functions:shell",
    "start": "npm run shell",
    "deploy": "firebase deploy --only functions",
    "logs": "firebase functions:log"
  },
  "engines": {
    "node": "16"
  },
  "main": "index.js",
  "dependencies": {
    "firebase-admin": "^11.5.0",
    "firebase-functions": "^4.2.0"
  },
  "devDependencies": {
    "firebase-functions-test": "^3.0.0"
  },
  "private": true
}
[debug] [2023-04-08T01:09:51.703Z] Building nodejs source
[debug] [2023-04-08T01:09:51.704Z] Failed to find version of module node: reached end of search path C:\Users\Cris\Documents\GitHub\TrocaNaQuebradaApp\functions\node_modules
[info] +  functions: Using node@16 from host. 
[debug] [2023-04-08T01:09:51.706Z] Could not find functions.yaml. Must use http discovery
[debug] [2023-04-08T01:09:51.716Z] Found firebase-functions binary at 'C:\Users\Cris\Documents\GitHub\TrocaNaQuebradaApp\functions\node_modules\.bin\firebase-functions'
[debug] [2023-04-08T01:09:52.430Z] Serving at port 8013

[debug] [2023-04-08T01:09:52.901Z] Got response from /__/functions.yaml {"endpoints":{},"specVersion":"v1alpha1","requiredAPIs":[]}
[debug] [2023-04-08T01:09:52.909Z] shutdown requested via /__/quitquitquit

[info] +  functions: Loaded functions definitions from source: . {"metadata":{"emulator":{"name":"functions"},"message":"Loaded functions definitions from source: ."}}
[info] 
┌─────────────────────────────────────────────────────────────┐
│ ✔  All emulators ready! It is now safe to connect your app. │
│ i  View Emulator UI at http://127.0.0.1:4000/               │
└─────────────────────────────────────────────────────────────┘

┌───────────┬────────────────┬─────────────────────────────────┐
│ Emulator  │ Host:Port      │ View in Emulator UI             │
├───────────┼────────────────┼─────────────────────────────────┤
│ Functions │ 127.0.0.1:5001 │ http://127.0.0.1:4000/functions │
└───────────┴────────────────┴─────────────────────────────────┘
  Emulator Hub running at 127.0.0.1:4400
  Other reserved ports: 4500

Issues? Report them at https://github.com/firebase/firebase-tools/issues and attach the *-debug.log files.
 
[debug] [2023-04-08T01:12:45.933Z] File C:\Users\Cris\Documents\GitHub\TrocaNaQuebradaApp\functions\index.js changed, reloading triggers {"metadata":{"emulator":{"name":"functions"},"message":"File C:\\Users\\Cris\\Documents\\GitHub\\TrocaNaQuebradaApp\\functions\\index.js changed, reloading triggers"}}
[debug] [2023-04-08T01:12:46.961Z] Validating nodejs source
[debug] [2023-04-08T01:12:50.371Z] > [functions] package.json contents: {
  "name": "functions",
  "description": "Cloud Functions for Firebase",
  "scripts": {
    "serve": "firebase emulators:start --only functions",
    "shell": "firebase functions:shell",
    "start": "npm run shell",
    "deploy": "firebase deploy --only functions",
    "logs": "firebase functions:log"
  },
  "engines": {
    "node": "16"
  },
  "main": "index.js",
  "dependencies": {
    "firebase-admin": "^11.5.0",
    "firebase-functions": "^4.2.0"
  },
  "devDependencies": {
    "firebase-functions-test": "^3.0.0"
  },
  "private": true
}
[debug] [2023-04-08T01:12:50.371Z] Building nodejs source
[debug] [2023-04-08T01:12:50.372Z] Failed to find version of module node: reached end of search path C:\Users\Cris\Documents\GitHub\TrocaNaQuebradaApp\functions\node_modules
[info] +  functions: Using node@16 from host. 
[debug] [2023-04-08T01:12:50.374Z] Could not find functions.yaml. Must use http discovery
[debug] [2023-04-08T01:12:50.388Z] Found firebase-functions binary at 'C:\Users\Cris\Documents\GitHub\TrocaNaQuebradaApp\functions\node_modules\.bin\firebase-functions'
[debug] [2023-04-08T01:12:50.400Z] File C:\Users\Cris\Documents\GitHub\TrocaNaQuebradaApp\functions\index.js changed, reloading triggers {"metadata":{"emulator":{"name":"functions"},"message":"File C:\\Users\\Cris\\Documents\\GitHub\\TrocaNaQuebradaApp\\functions\\index.js changed, reloading triggers"}}
[debug] [2023-04-08T01:12:50.932Z] Serving at port 8071

[debug] [2023-04-08T01:12:50.956Z] Got response from /__/functions.yaml Failed to generate manifest from function source: SyntaxError: Unexpected end of input
[debug] [2023-04-08T01:12:50.960Z] Failed to parse functions.yamlincomplete explicit mapping pair; a key node is missed; or followed by a non-tabulated empty line at line 1, column 62:
     ... rom function source: SyntaxError: Unexpected end of input
                                         ^ {"name":"YAMLException","reason":"incomplete explicit mapping pair; a key node is missed; or followed by a non-tabulated empty line","mark":{"name":null,"buffer":"Failed to generate manifest from function source: SyntaxError: Unexpected end of input\n\u0000","position":61,"line":0,"column":61},"message":"incomplete explicit mapping pair; a key node is missed; or followed by a non-tabulated empty line at line 1, column 62:\n     ... rom function source: SyntaxError: Unexpected end of input\n                                         ^"}
[debug] [2023-04-08T01:12:50.966Z] shutdown requested via /__/quitquitquit

[error] !!  functions: Failed to load function definition from source: FirebaseError: Failed to load function definition from source: Failed to generate manifest from function source: SyntaxError: Unexpected end of input {"metadata":{"emulator":{"name":"functions"},"message":"Failed to load function definition from source: FirebaseError: Failed to load function definition from source: Failed to generate manifest from function source: SyntaxError: Unexpected end of input"}}
[debug] [2023-04-08T01:12:51.147Z] File C:\Users\Cris\Documents\GitHub\TrocaNaQuebradaApp\functions\index.js changed, reloading triggers {"metadata":{"emulator":{"name":"functions"},"message":"File C:\\Users\\Cris\\Documents\\GitHub\\TrocaNaQuebradaApp\\functions\\index.js changed, reloading triggers"}}
[debug] [2023-04-08T01:12:52.150Z] Validating nodejs source
[debug] [2023-04-08T01:12:54.728Z] > [functions] package.json contents: {
  "name": "functions",
  "description": "Cloud Functions for Firebase",
  "scripts": {
    "serve": "firebase emulators:start --only functions",
    "shell": "firebase functions:shell",
    "start": "npm run shell",
    "deploy": "firebase deploy --only functions",
    "logs": "firebase functions:log"
  },
  "engines": {
    "node": "16"
  },
  "main": "index.js",
  "dependencies": {
    "firebase-admin": "^11.5.0",
    "firebase-functions": "^4.2.0"
  },
  "devDependencies": {
    "firebase-functions-test": "^3.0.0"
  },
  "private": true
}
[debug] [2023-04-08T01:12:54.728Z] Building nodejs source
[debug] [2023-04-08T01:12:54.728Z] Failed to find version of module node: reached end of search path C:\Users\Cris\Documents\GitHub\TrocaNaQuebradaApp\functions\node_modules
[info] +  functions: Using node@16 from host. 
[debug] [2023-04-08T01:12:54.730Z] Could not find functions.yaml. Must use http discovery
[debug] [2023-04-08T01:12:54.739Z] Found firebase-functions binary at 'C:\Users\Cris\Documents\GitHub\TrocaNaQuebradaApp\functions\node_modules\.bin\firebase-functions'
[debug] [2023-04-08T01:12:54.747Z] File C:\Users\Cris\Documents\GitHub\TrocaNaQuebradaApp\functions\index.js changed, reloading triggers {"metadata":{"emulator":{"name":"functions"},"message":"File C:\\Users\\Cris\\Documents\\GitHub\\TrocaNaQuebradaApp\\functions\\index.js changed, reloading triggers"}}
[debug] [2023-04-08T01:12:55.436Z] Serving at port 8719

[debug] [2023-04-08T01:12:55.479Z] File C:\Users\Cris\Documents\GitHub\TrocaNaQuebradaApp\functions\index.js changed, reloading triggers {"metadata":{"emulator":{"name":"functions"},"message":"File C:\\Users\\Cris\\Documents\\GitHub\\TrocaNaQuebradaApp\\functions\\index.js changed, reloading triggers"}}
[debug] [2023-04-08T01:12:55.947Z] Got response from /__/functions.yaml {"endpoints":{"helloWorld":{"platform":"gcfv1","availableMemoryMb":null,"timeoutSeconds":null,"minInstances":null,"maxInstances":null,"ingressSettings":null,"serviceAccountEmail":null,"vpc":null,"httpsTrigger":{},"entryPoint":"helloWorld"}},"specVersion":"v1alpha1","requiredAPIs":[]}
[debug] [2023-04-08T01:12:55.954Z] shutdown requested via /__/quitquitquit

[info] +  functions: Loaded functions definitions from source: helloWorld. {"metadata":{"emulator":{"name":"functions"},"message":"Loaded functions definitions from source: helloWorld."}}
[info] +  functions[us-central1-helloWorld]: http function initialized (http://127.0.0.1:5001/trocanaquebrada-f3b2b/us-central1/helloWorld). {"metadata":{"emulator":{"name":"functions"},"message":"\u001b[1mhttp\u001b[22m function initialized (http://127.0.0.1:5001/trocanaquebrada-f3b2b/us-central1/helloWorld)."}}
[debug] [2023-04-08T01:12:56.482Z] Validating nodejs source
[debug] [2023-04-08T01:12:59.154Z] > [functions] package.json contents: {
  "name": "functions",
  "description": "Cloud Functions for Firebase",
  "scripts": {
    "serve": "firebase emulators:start --only functions",
    "shell": "firebase functions:shell",
    "start": "npm run shell",
    "deploy": "firebase deploy --only functions",
    "logs": "firebase functions:log"
  },
  "engines": {
    "node": "16"
  },
  "main": "index.js",
  "dependencies": {
    "firebase-admin": "^11.5.0",
    "firebase-functions": "^4.2.0"
  },
  "devDependencies": {
    "firebase-functions-test": "^3.0.0"
  },
  "private": true
}
[debug] [2023-04-08T01:12:59.155Z] Building nodejs source
[debug] [2023-04-08T01:12:59.155Z] Failed to find version of module node: reached end of search path C:\Users\Cris\Documents\GitHub\TrocaNaQuebradaApp\functions\node_modules
[info] +  functions: Using node@16 from host. 
[debug] [2023-04-08T01:12:59.157Z] Could not find functions.yaml. Must use http discovery
[debug] [2023-04-08T01:12:59.170Z] Found firebase-functions binary at 'C:\Users\Cris\Documents\GitHub\TrocaNaQuebradaApp\functions\node_modules\.bin\firebase-functions'
[debug] [2023-04-08T01:12:59.193Z] File C:\Users\Cris\Documents\GitHub\TrocaNaQuebradaApp\functions\index.js changed, reloading triggers {"metadata":{"emulator":{"name":"functions"},"message":"File C:\\Users\\Cris\\Documents\\GitHub\\TrocaNaQuebradaApp\\functions\\index.js changed, reloading triggers"}}
[debug] [2023-04-08T01:12:59.907Z] Serving at port 8947

[debug] [2023-04-08T01:13:00.194Z] Validating nodejs source
[debug] [2023-04-08T01:13:03.455Z] > [functions] package.json contents: {
  "name": "functions",
  "description": "Cloud Functions for Firebase",
  "scripts": {
    "serve": "firebase emulators:start --only functions",
    "shell": "firebase functions:shell",
    "start": "npm run shell",
    "deploy": "firebase deploy --only functions",
    "logs": "firebase functions:log"
  },
  "engines": {
    "node": "16"
  },
  "main": "index.js",
  "dependencies": {
    "firebase-admin": "^11.5.0",
    "firebase-functions": "^4.2.0"
  },
  "devDependencies": {
    "firebase-functions-test": "^3.0.0"
  },
  "private": true
}
[debug] [2023-04-08T01:13:03.455Z] Building nodejs source
[debug] [2023-04-08T01:13:03.455Z] Failed to find version of module node: reached end of search path C:\Users\Cris\Documents\GitHub\TrocaNaQuebradaApp\functions\node_modules
[info] +  functions: Using node@16 from host. 
[debug] [2023-04-08T01:13:03.458Z] Could not find functions.yaml. Must use http discovery
[debug] [2023-04-08T01:13:03.470Z] Found firebase-functions binary at 'C:\Users\Cris\Documents\GitHub\TrocaNaQuebradaApp\functions\node_modules\.bin\firebase-functions'
[debug] [2023-04-08T01:13:03.520Z] Got response from /__/functions.yaml {"endpoints":{"helloWorld":{"platform":"gcfv1","availableMemoryMb":null,"timeoutSeconds":null,"minInstances":null,"maxInstances":null,"ingressSettings":null,"serviceAccountEmail":null,"vpc":null,"httpsTrigger":{},"entryPoint":"helloWorld"}},"specVersion":"v1alpha1","requiredAPIs":[]}
[debug] [2023-04-08T01:13:03.547Z] shutdown requested via /__/quitquitquit

[info] +  functions: Loaded functions definitions from source: helloWorld. {"metadata":{"emulator":{"name":"functions"},"message":"Loaded functions definitions from source: helloWorld."}}
[debug] [2023-04-08T01:13:04.333Z] Serving at port 8598

[debug] [2023-04-08T01:13:04.796Z] Got response from /__/functions.yaml {"endpoints":{"helloWorld":{"platform":"gcfv1","availableMemoryMb":null,"timeoutSeconds":null,"minInstances":null,"maxInstances":null,"ingressSettings":null,"serviceAccountEmail":null,"vpc":null,"httpsTrigger":{},"entryPoint":"helloWorld"}},"specVersion":"v1alpha1","requiredAPIs":[]}
[debug] [2023-04-08T01:13:04.805Z] shutdown requested via /__/quitquitquit

[info] +  functions: Loaded functions definitions from source: helloWorld. {"metadata":{"emulator":{"name":"functions"},"message":"Loaded functions definitions from source: helloWorld."}}
[debug] [2023-04-08T01:13:46.826Z] File C:\Users\Cris\Documents\GitHub\TrocaNaQuebradaApp\functions\index.js changed, reloading triggers {"metadata":{"emulator":{"name":"functions"},"message":"File C:\\Users\\Cris\\Documents\\GitHub\\TrocaNaQuebradaApp\\functions\\index.js changed, reloading triggers"}}
[debug] [2023-04-08T01:13:47.828Z] Validating nodejs source
[debug] [2023-04-08T01:13:50.424Z] > [functions] package.json contents: {
  "name": "functions",
  "description": "Cloud Functions for Firebase",
  "scripts": {
    "serve": "firebase emulators:start --only functions",
    "shell": "firebase functions:shell",
    "start": "npm run shell",
    "deploy": "firebase deploy --only functions",
    "logs": "firebase functions:log"
  },
  "engines": {
    "node": "16"
  },
  "main": "index.js",
  "dependencies": {
    "firebase-admin": "^11.5.0",
    "firebase-functions": "^4.2.0"
  },
  "devDependencies": {
    "firebase-functions-test": "^3.0.0"
  },
  "private": true
}
[debug] [2023-04-08T01:13:50.424Z] Building nodejs source
[debug] [2023-04-08T01:13:50.424Z] Failed to find version of module node: reached end of search path C:\Users\Cris\Documents\GitHub\TrocaNaQuebradaApp\functions\node_modules
[info] +  functions: Using node@16 from host. 
[debug] [2023-04-08T01:13:50.425Z] Could not find functions.yaml. Must use http discovery
[debug] [2023-04-08T01:13:50.436Z] Found firebase-functions binary at 'C:\Users\Cris\Documents\GitHub\TrocaNaQuebradaApp\functions\node_modules\.bin\firebase-functions'
[debug] [2023-04-08T01:13:50.921Z] Serving at port 8140

[debug] [2023-04-08T01:13:51.468Z] Got response from /__/functions.yaml {"endpoints":{"helloWorld":{"platform":"gcfv1","availableMemoryMb":null,"timeoutSeconds":null,"minInstances":null,"maxInstances":null,"ingressSettings":null,"serviceAccountEmail":null,"vpc":null,"httpsTrigger":{},"entryPoint":"helloWorld"}},"specVersion":"v1alpha1","requiredAPIs":[]}
[debug] [2023-04-08T01:13:51.477Z] shutdown requested via /__/quitquitquit

[info] +  functions: Loaded functions definitions from source: helloWorld. {"metadata":{"emulator":{"name":"functions"},"message":"Loaded functions definitions from source: helloWorld."}}
[debug] [2023-04-08T01:14:43.161Z] [work-queue] {"queuedWork":["/trocanaquebrada-f3b2b/us-central1/helloWorld-2023-04-08T01:14:43.161Z"],"queueLength":1,"runningWork":[],"workRunningCount":0}
[debug] [2023-04-08T01:14:43.162Z] [work-queue] {"queuedWork":[],"queueLength":0,"runningWork":["/trocanaquebrada-f3b2b/us-central1/helloWorld-2023-04-08T01:14:43.161Z"],"workRunningCount":1}
[debug] [2023-04-08T01:14:43.163Z] Accepted request GET /trocanaquebrada-f3b2b/us-central1/helloWorld --> us-central1-helloWorld
[debug] [2023-04-08T01:14:43.176Z] [functions] Runtime ready! Sending request! {"metadata":{"emulator":{"name":"functions"},"message":"[functions] Runtime ready! Sending request!"}}
[debug] [2023-04-08T01:14:43.176Z] [functions] Got req.url=/trocanaquebrada-f3b2b/us-central1/helloWorld, mapping to path=/ {"metadata":{"emulator":{"name":"functions"},"message":"[functions] Got req.url=/trocanaquebrada-f3b2b/us-central1/helloWorld, mapping to path=/"}}
[debug] [2023-04-08T01:14:43.185Z] [worker-pool] addWorker(us-central1-helloWorld) {"metadata":{"emulator":{"name":"functions"},"message":"[worker-pool] addWorker(us-central1-helloWorld)"}}
[debug] [2023-04-08T01:14:43.185Z] [worker-pool] Adding worker with key us-central1-helloWorld, total=1 {"metadata":{"emulator":{"name":"functions"},"message":"[worker-pool] Adding worker with key us-central1-helloWorld, total=1"}}
[debug] [2023-04-08T01:14:45.068Z] [runtime-status] [17124] Resolved module firebase-admin {"declared":true,"installed":true,"version":"11.6.0","resolution":"C:\\Users\\Cris\\Documents\\GitHub\\TrocaNaQuebradaApp\\functions\\node_modules\\firebase-admin\\lib\\index.js"} {"metadata":{"emulator":{"name":"functions"},"function":{"name":"us-central1-helloWorld"},"extension":{},"message":"[runtime-status] [17124] Resolved module firebase-admin {\"declared\":true,\"installed\":true,\"version\":\"11.6.0\",\"resolution\":\"C:\\\\Users\\\\Cris\\\\Documents\\\\GitHub\\\\TrocaNaQuebradaApp\\\\functions\\\\node_modules\\\\firebase-admin\\\\lib\\\\index.js\"}"}}
[debug] [2023-04-08T01:14:45.070Z] [runtime-status] [17124] Resolved module firebase-functions {"declared":true,"installed":true,"version":"4.2.1","resolution":"C:\\Users\\Cris\\Documents\\GitHub\\TrocaNaQuebradaApp\\functions\\node_modules\\firebase-functions\\lib\\v1\\index.js"} {"metadata":{"emulator":{"name":"functions"},"function":{"name":"us-central1-helloWorld"},"extension":{},"message":"[runtime-status] [17124] Resolved module firebase-functions {\"declared\":true,\"installed\":true,\"version\":\"4.2.1\",\"resolution\":\"C:\\\\Users\\\\Cris\\\\Documents\\\\GitHub\\\\TrocaNaQuebradaApp\\\\functions\\\\node_modules\\\\firebase-functions\\\\lib\\\\v1\\\\index.js\"}"}}
[debug] [2023-04-08T01:14:45.071Z] [runtime-status] [17124] Outgoing network have been stubbed. [{"name":"http","status":"mocked"},{"name":"http","status":"mocked"},{"name":"https","status":"mocked"},{"name":"https","status":"mocked"},{"name":"net","status":"mocked"}] {"metadata":{"emulator":{"name":"functions"},"function":{"name":"us-central1-helloWorld"},"extension":{},"message":"[runtime-status] [17124] Outgoing network have been stubbed. [{\"name\":\"http\",\"status\":\"mocked\"},{\"name\":\"http\",\"status\":\"mocked\"},{\"name\":\"https\",\"status\":\"mocked\"},{\"name\":\"https\",\"status\":\"mocked\"},{\"name\":\"net\",\"status\":\"mocked\"}]"}}
[debug] [2023-04-08T01:14:45.072Z] [runtime-status] [17124] Resolved module firebase-functions {"declared":true,"installed":true,"version":"4.2.1","resolution":"C:\\Users\\Cris\\Documents\\GitHub\\TrocaNaQuebradaApp\\functions\\node_modules\\firebase-functions\\lib\\v1\\index.js"} {"metadata":{"emulator":{"name":"functions"},"function":{"name":"us-central1-helloWorld"},"extension":{},"message":"[runtime-status] [17124] Resolved module firebase-functions {\"declared\":true,\"installed\":true,\"version\":\"4.2.1\",\"resolution\":\"C:\\\\Users\\\\Cris\\\\Documents\\\\GitHub\\\\TrocaNaQuebradaApp\\\\functions\\\\node_modules\\\\firebase-functions\\\\lib\\\\v1\\\\index.js\"}"}}
[debug] [2023-04-08T01:14:45.458Z] [runtime-status] [17124] Checked functions.config() {"config":{}} {"metadata":{"emulator":{"name":"functions"},"function":{"name":"us-central1-helloWorld"},"extension":{},"message":"[runtime-status] [17124] Checked functions.config() {\"config\":{}}"}}
[debug] [2023-04-08T01:14:45.458Z] [runtime-status] [17124] firebase-functions has been stubbed. {"functionsResolution":{"declared":true,"installed":true,"version":"4.2.1","resolution":"C:\\Users\\Cris\\Documents\\GitHub\\TrocaNaQuebradaApp\\functions\\node_modules\\firebase-functions\\lib\\v1\\index.js"}} {"metadata":{"emulator":{"name":"functions"},"function":{"name":"us-central1-helloWorld"},"extension":{},"message":"[runtime-status] [17124] firebase-functions has been stubbed. {\"functionsResolution\":{\"declared\":true,\"installed\":true,\"version\":\"4.2.1\",\"resolution\":\"C:\\\\Users\\\\Cris\\\\Documents\\\\GitHub\\\\TrocaNaQuebradaApp\\\\functions\\\\node_modules\\\\firebase-functions\\\\lib\\\\v1\\\\index.js\"}}"}}
[debug] [2023-04-08T01:14:45.459Z] [runtime-status] [17124] Resolved module firebase-functions {"declared":true,"installed":true,"version":"4.2.1","resolution":"C:\\Users\\Cris\\Documents\\GitHub\\TrocaNaQuebradaApp\\functions\\node_modules\\firebase-functions\\lib\\v1\\index.js"} {"metadata":{"emulator":{"name":"functions"},"function":{"name":"us-central1-helloWorld"},"extension":{},"message":"[runtime-status] [17124] Resolved module firebase-functions {\"declared\":true,\"installed\":true,\"version\":\"4.2.1\",\"resolution\":\"C:\\\\Users\\\\Cris\\\\Documents\\\\GitHub\\\\TrocaNaQuebradaApp\\\\functions\\\\node_modules\\\\firebase-functions\\\\lib\\\\v1\\\\index.js\"}"}}
[debug] [2023-04-08T01:14:45.461Z] [runtime-status] [17124] Resolved module firebase-admin {"declared":true,"installed":true,"version":"11.6.0","resolution":"C:\\Users\\Cris\\Documents\\GitHub\\TrocaNaQuebradaApp\\functions\\node_modules\\firebase-admin\\lib\\index.js"} {"metadata":{"emulator":{"name":"functions"},"function":{"name":"us-central1-helloWorld"},"extension":{},"message":"[runtime-status] [17124] Resolved module firebase-admin {\"declared\":true,\"installed\":true,\"version\":\"11.6.0\",\"resolution\":\"C:\\\\Users\\\\Cris\\\\Documents\\\\GitHub\\\\TrocaNaQuebradaApp\\\\functions\\\\node_modules\\\\firebase-admin\\\\lib\\\\index.js\"}"}}
[debug] [2023-04-08T01:14:45.472Z] [runtime-status] [17124] Resolved module firebase-functions {"declared":true,"installed":true,"version":"4.2.1","resolution":"C:\\Users\\Cris\\Documents\\GitHub\\TrocaNaQuebradaApp\\functions\\node_modules\\firebase-functions\\lib\\v1\\index.js"} {"metadata":{"emulator":{"name":"functions"},"function":{"name":"us-central1-helloWorld"},"extension":{},"message":"[runtime-status] [17124] Resolved module firebase-functions {\"declared\":true,\"installed\":true,\"version\":\"4.2.1\",\"resolution\":\"C:\\\\Users\\\\Cris\\\\Documents\\\\GitHub\\\\TrocaNaQuebradaApp\\\\functions\\\\node_modules\\\\firebase-functions\\\\lib\\\\v1\\\\index.js\"}"}}
[debug] [2023-04-08T01:14:45.472Z] [runtime-status] [17124] firebase-admin has been stubbed. {"adminResolution":{"declared":true,"installed":true,"version":"11.6.0","resolution":"C:\\Users\\Cris\\Documents\\GitHub\\TrocaNaQuebradaApp\\functions\\node_modules\\firebase-admin\\lib\\index.js"}} {"metadata":{"emulator":{"name":"functions"},"function":{"name":"us-central1-helloWorld"},"extension":{},"message":"[runtime-status] [17124] firebase-admin has been stubbed. {\"adminResolution\":{\"declared\":true,\"installed\":true,\"version\":\"11.6.0\",\"resolution\":\"C:\\\\Users\\\\Cris\\\\Documents\\\\GitHub\\\\TrocaNaQuebradaApp\\\\functions\\\\node_modules\\\\firebase-admin\\\\lib\\\\index.js\"}}"}}
[debug] [2023-04-08T01:14:45.481Z] [runtime-status] [17124] Functions runtime initialized. {"cwd":"C:\\Users\\Cris\\Documents\\GitHub\\TrocaNaQuebradaApp\\functions","node_version":"16.15.0"} {"metadata":{"emulator":{"name":"functions"},"function":{"name":"us-central1-helloWorld"},"extension":{},"message":"[runtime-status] [17124] Functions runtime initialized. {\"cwd\":\"C:\\\\Users\\\\Cris\\\\Documents\\\\GitHub\\\\TrocaNaQuebradaApp\\\\functions\",\"node_version\":\"16.15.0\"}"}}
[debug] [2023-04-08T01:14:45.481Z] [runtime-status] [17124] Listening to port: \\?\pipe\fire_emu_ddb0348452cd1dee {"metadata":{"emulator":{"name":"functions"},"function":{"name":"us-central1-helloWorld"},"extension":{},"message":"[runtime-status] [17124] Listening to port: \\\\?\\pipe\\fire_emu_ddb0348452cd1dee"}}
[debug] [2023-04-08T01:14:45.515Z] [worker-us-central1-helloWorld-9a999dda-e855-4b07-9d87-540d1ca12bad]: IDLE {"metadata":{"emulator":{"name":"functions"},"function":{"name":"us-central1-helloWorld"},"extension":{},"message":"[worker-us-central1-helloWorld-9a999dda-e855-4b07-9d87-540d1ca12bad]: IDLE"}}
[debug] [2023-04-08T01:14:45.515Z] [worker-pool] submitRequest(triggerId=us-central1-helloWorld) {"metadata":{"emulator":{"name":"functions"},"message":"[worker-pool] submitRequest(triggerId=us-central1-helloWorld)"}}
[info] i  functions: Beginning execution of "us-central1-helloWorld" {"metadata":{"emulator":{"name":"functions"},"function":{"name":"us-central1-helloWorld"},"extension":{},"message":"Beginning execution of \"us-central1-helloWorld\""}}
[debug] [2023-04-08T01:14:45.517Z] [worker-us-central1-helloWorld-9a999dda-e855-4b07-9d87-540d1ca12bad]: BUSY {"metadata":{"emulator":{"name":"functions"},"function":{"name":"us-central1-helloWorld"},"extension":{},"message":"[worker-us-central1-helloWorld-9a999dda-e855-4b07-9d87-540d1ca12bad]: BUSY"}}
[info] >  {"structuredData":true,"severity":"INFO","message":"Hello logs!"} {"user":{"structuredData":true,"severity":"INFO","message":"Hello logs!"},"metadata":{"emulator":{"name":"functions"},"function":{"name":"us-central1-helloWorld"},"extension":{},"message":"\u001b[90m> \u001b[39m {\"structuredData\":true,\"severity\":\"INFO\",\"message\":\"Hello logs!\"}"}}
[info] i  functions: Finished "us-central1-helloWorld" in 13.4633ms {"metadata":{"emulator":{"name":"functions"},"function":{"name":"us-central1-helloWorld"},"extension":{},"message":"Finished \"us-central1-helloWorld\" in 13.4633ms"}}
[debug] [2023-04-08T01:14:45.534Z] [worker-us-central1-helloWorld-9a999dda-e855-4b07-9d87-540d1ca12bad]: IDLE {"metadata":{"emulator":{"name":"functions"},"function":{"name":"us-central1-helloWorld"},"extension":{},"message":"[worker-us-central1-helloWorld-9a999dda-e855-4b07-9d87-540d1ca12bad]: IDLE"}}
[debug] [2023-04-08T01:14:45.534Z] [work-queue] {"queuedWork":[],"queueLength":0,"runningWork":[],"workRunningCount":0}
[debug] [2023-04-08T01:14:45.596Z] Functions emulator received unknown request at path /favicon.ico
